# JRE version: Java(TM) SE Runtime Environment (8.0_60-b27) (build 1.8.0_60-b27)
# Java VM: Java HotSpot(TM) 64-Bit Server VM (25.60-b23 mixed mode windows-amd64 compressed oops)
Heap:
 PSYoungGen      total 206336K, used 17218K [0x00000000eab00000, 0x00000000f9000000, 0x0000000100000000)
  eden space 188928K, 9% used [0x00000000eab00000,0x00000000ebbd0880,0x00000000f6380000)
  from space 17408K, 0% used [0x00000000f7800000,0x00000000f7800000,0x00000000f8900000)
  to   space 20992K, 0% used [0x00000000f6380000,0x00000000f6380000,0x00000000f7800000)
 ParOldGen       total 61952K, used 38579K [0x00000000c0000000, 0x00000000c3c80000, 0x00000000eab00000)
  object space 61952K, 62% used [0x00000000c0000000,0x00000000c25ace58,0x00000000c3c80000)
 Metaspace       used 46875K, capacity 48290K, committed 48384K, reserved 1091584K
  class space    used 6546K, capacity 6903K, committed 6912K, reserved 1048576K
GC Heap History (10 events):
Event: 26.649 GC heap before
{Heap before GC invocations=9 (full 1):
 PSYoungGen      total 138240K, used 71421K [0x00000000eab00000, 0x00000000f5480000, 0x0000000100000000)
  eden space 128000K, 49% used [0x00000000eab00000,0x00000000ee861118,0x00000000f2800000)
  from space 10240K, 83% used [0x00000000f2800000,0x00000000f305e4c0,0x00000000f3200000)
  to   space 10752K, 0% used [0x00000000f4a00000,0x00000000f4a00000,0x00000000f5480000)
 ParOldGen       total 44544K, used 14564K [0x00000000c0000000, 0x00000000c2b80000, 0x00000000eab00000)
  object space 44544K, 32% used [0x00000000c0000000,0x00000000c0e39150,0x00000000c2b80000)
 Metaspace       used 34371K, capacity 35144K, committed 35456K, reserved 1079296K
  class space    used 4661K, capacity 4867K, committed 4992K, reserved 1048576K
Event: 26.687 GC heap after
Heap after GC invocations=9 (full 1):
 PSYoungGen      total 159744K, used 10739K [0x00000000eab00000, 0x00000000f7d80000, 0x0000000100000000)
  eden space 148992K, 0% used [0x00000000eab00000,0x00000000eab00000,0x00000000f3c80000)
  from space 10752K, 99% used [0x00000000f4a00000,0x00000000f547ce28,0x00000000f5480000)
  to   space 13824K, 0% used [0x00000000f3c80000,0x00000000f3c80000,0x00000000f4a00000)
 ParOldGen       total 44544K, used 17544K [0x00000000c0000000, 0x00000000c2b80000, 0x00000000eab00000)
  object space 44544K, 39% used [0x00000000c0000000,0x00000000c1122308,0x00000000c2b80000)
 Metaspace       used 34371K, capacity 35144K, committed 35456K, reserved 1079296K
  class space    used 4661K, capacity 4867K, committed 4992K, reserved 1048576K
}
Event: 26.687 GC heap before
{Heap before GC invocations=10 (full 2):
 PSYoungGen      total 159744K, used 10739K [0x00000000eab00000, 0x00000000f7d80000, 0x0000000100000000)
  eden space 148992K, 0% used [0x00000000eab00000,0x00000000eab00000,0x00000000f3c80000)
  from space 10752K, 99% used [0x00000000f4a00000,0x00000000f547ce28,0x00000000f5480000)
  to   space 13824K, 0% used [0x00000000f3c80000,0x00000000f3c80000,0x00000000f4a00000)
 ParOldGen       total 44544K, used 17544K [0x00000000c0000000, 0x00000000c2b80000, 0x00000000eab00000)
  object space 44544K, 39% used [0x00000000c0000000,0x00000000c1122308,0x00000000c2b80000)
 Metaspace       used 34371K, capacity 35144K, committed 35456K, reserved 1079296K
  class space    used 4661K, capacity 4867K, committed 4992K, reserved 1048576K
Event: 26.954 GC heap after
Heap after GC invocations=10 (full 2):
 PSYoungGen      total 159744K, used 0K [0x00000000eab00000, 0x00000000f7d80000, 0x0000000100000000)
  eden space 148992K, 0% used [0x00000000eab00000,0x00000000eab00000,0x00000000f3c80000)
  from space 10752K, 0% used [0x00000000f4a00000,0x00000000f4a00000,0x00000000f5480000)
  to   space 13824K, 0% used [0x00000000f3c80000,0x00000000f3c80000,0x00000000f4a00000)
 ParOldGen       total 61952K, used 20883K [0x00000000c0000000, 0x00000000c3c80000, 0x00000000eab00000)
  object space 61952K, 33% used [0x00000000c0000000,0x00000000c1464c40,0x00000000c3c80000)
 Metaspace       used 34371K, capacity 35144K, committed 35456K, reserved 1079296K
  class space    used 4661K, capacity 4867K, committed 4992K, reserved 1048576K
}
Event: 33.363 GC heap before
{Heap before GC invocations=11 (full 2):
 PSYoungGen      total 159744K, used 148992K [0x00000000eab00000, 0x00000000f7d80000, 0x0000000100000000)
  eden space 148992K, 100% used [0x00000000eab00000,0x00000000f3c80000,0x00000000f3c80000)
  from space 10752K, 0% used [0x00000000f4a00000,0x00000000f4a00000,0x00000000f5480000)
  to   space 13824K, 0% used [0x00000000f3c80000,0x00000000f3c80000,0x00000000f4a00000)
 ParOldGen       total 61952K, used 20883K [0x00000000c0000000, 0x00000000c3c80000, 0x00000000eab00000)
  object space 61952K, 33% used [0x00000000c0000000,0x00000000c1464c40,0x00000000c3c80000)
 Metaspace       used 42769K, capacity 43802K, committed 43904K, reserved 1087488K
  class space    used 5926K, capacity 6174K, committed 6272K, reserved 1048576K
Event: 33.467 GC heap after
Heap after GC invocations=11 (full 2):
 PSYoungGen      total 162816K, used 13823K [0x00000000eab00000, 0x00000000f8900000, 0x0000000100000000)
  eden space 148992K, 0% used [0x00000000eab00000,0x00000000eab00000,0x00000000f3c80000)
  from space 13824K, 99% used [0x00000000f3c80000,0x00000000f49ffca0,0x00000000f4a00000)
  to   space 17408K, 0% used [0x00000000f7800000,0x00000000f7800000,0x00000000f8900000)
 ParOldGen       total 61952K, used 24643K [0x00000000c0000000, 0x00000000c3c80000, 0x00000000eab00000)
  object space 61952K, 39% used [0x00000000c0000000,0x00000000c1810c48,0x00000000c3c80000)
 Metaspace       used 42769K, capacity 43802K, committed 43904K, reserved 1087488K
  class space    used 5926K, capacity 6174K, committed 6272K, reserved 1048576K
}
Event: 37.204 GC heap before
{Heap before GC invocations=12 (full 2):
 PSYoungGen      total 162816K, used 86925K [0x00000000eab00000, 0x00000000f8900000, 0x0000000100000000)
  eden space 148992K, 49% used [0x00000000eab00000,0x00000000ef2639e8,0x00000000f3c80000)
  from space 13824K, 99% used [0x00000000f3c80000,0x00000000f49ffca0,0x00000000f4a00000)
  to   space 17408K, 0% used [0x00000000f7800000,0x00000000f7800000,0x00000000f8900000)
 ParOldGen       total 61952K, used 24643K [0x00000000c0000000, 0x00000000c3c80000, 0x00000000eab00000)
  object space 61952K, 39% used [0x00000000c0000000,0x00000000c1810c48,0x00000000c3c80000)
 Metaspace       used 46253K, capacity 47612K, committed 47872K, reserved 1089536K
  class space    used 6451K, capacity 6818K, committed 6912K, reserved 1048576K
Event: 37.328 GC heap after
Heap after GC invocations=12 (full 2):
 PSYoungGen      total 206336K, used 17382K [0x00000000eab00000, 0x00000000f9000000, 0x0000000100000000)
  eden space 188928K, 0% used [0x00000000eab00000,0x00000000eab00000,0x00000000f6380000)
  from space 17408K, 99% used [0x00000000f7800000,0x00000000f88f9ba8,0x00000000f8900000)
  to   space 20992K, 0% used [0x00000000f6380000,0x00000000f6380000,0x00000000f7800000)
 ParOldGen       total 61952K, used 28217K [0x00000000c0000000, 0x00000000c3c80000, 0x00000000eab00000)
  object space 61952K, 45% used [0x00000000c0000000,0x00000000c1b8e720,0x00000000c3c80000)
 Metaspace       used 46253K, capacity 47612K, committed 47872K, reserved 1089536K
  class space    used 6451K, capacity 6818K, committed 6912K, reserved 1048576K
}
Event: 37.328 GC heap before
{Heap before GC invocations=13 (full 3):
 PSYoungGen      total 206336K, used 17382K [0x00000000eab00000, 0x00000000f9000000, 0x0000000100000000)
  eden space 188928K, 0% used [0x00000000eab00000,0x00000000eab00000,0x00000000f6380000)
  from space 17408K, 99% used [0x00000000f7800000,0x00000000f88f9ba8,0x00000000f8900000)
  to   space 20992K, 0% used [0x00000000f6380000,0x00000000f6380000,0x00000000f7800000)
 ParOldGen       total 61952K, used 28217K [0x00000000c0000000, 0x00000000c3c80000, 0x00000000eab00000)
  object space 61952K, 45% used [0x00000000c0000000,0x00000000c1b8e720,0x00000000c3c80000)
 Metaspace       used 46253K, capacity 47612K, committed 47872K, reserved 1089536K
  class space    used 6451K, capacity 6818K, committed 6912K, reserved 1048576K
Event: 38.335 GC heap after
Heap after GC invocations=13 (full 3):
 PSYoungGen      total 206336K, used 0K [0x00000000eab00000, 0x00000000f9000000, 0x0000000100000000)
  eden space 188928K, 0% used [0x00000000eab00000,0x00000000eab00000,0x00000000f6380000)
  from space 17408K, 0% used [0x00000000f7800000,0x00000000f7800000,0x00000000f8900000)
  to   space 20992K, 0% used [0x00000000f6380000,0x00000000f6380000,0x00000000f7800000)
 ParOldGen       total 61952K, used 38579K [0x00000000c0000000, 0x00000000c3c80000, 0x00000000eab00000)
  object space 61952K, 62% used [0x00000000c0000000,0x00000000c25ace58,0x00000000c3c80000)
 Metaspace       used 46253K, capacity 47612K, committed 47872K, reserved 1089536K
  class space    used 6451K, capacity 6818K, committed 6912K, reserved 1048576K
}

